time="2020-07-05T12:46:17+08:00" level=info msg="File:[/global/global.go] line:[18] Ready to init DB..."
time="2020-07-05T12:46:17+08:00" level=info msg="File:[/global/global.go] line:[21] DB Init successful"
time="2020-07-05T12:46:17+08:00" level=info msg="File:[/sys/sys.go] line:[64] SysCPUUsageRateMonitor cycle:[10]"
time="2020-07-05T12:46:36+08:00" level=info msg="File:[/global/global.go] line:[18] Ready to init DB..."
time="2020-07-05T12:46:36+08:00" level=info msg="File:[/global/global.go] line:[21] DB Init successful"
time="2020-07-05T12:46:36+08:00" level=info msg="File:[/sys/sys.go] line:[64] SysCPUUsageRateMonitor cycle:[10]"
time="2020-07-05T12:46:46+08:00" level=info msg="File:[/sys/sys.go] line:[130] Insert to cpuInfo successful id:[68] "
time="2020-07-05T12:46:46+08:00" level=warning msg="File:[/sys/sys.go] line:[135] Warning avgLoad:[0.01] has been greater than referce.Threshold:[0]"
time="2020-07-05T12:46:46+08:00" level=info msg="File:[/sys/sys.go] line:[145] Update to monitor successful itemName:[CPUITEM] "
time="2020-07-05T12:46:46+08:00" level=info msg="File:[/sys/sys.go] line:[64] SysCPUUsageRateMonitor cycle:[10]"
time="2020-07-05T12:46:56+08:00" level=info msg="File:[/sys/sys.go] line:[130] Insert to cpuInfo successful id:[69] "
time="2020-07-05T12:46:56+08:00" level=warning msg="File:[/sys/sys.go] line:[135] Warning avgLoad:[0.01] has been greater than referce.Threshold:[0]"
time="2020-07-05T12:46:56+08:00" level=info msg="File:[/sys/sys.go] line:[145] Update to monitor successful itemName:[CPUITEM] "
time="2020-07-05T12:46:56+08:00" level=info msg="File:[/sys/sys.go] line:[64] SysCPUUsageRateMonitor cycle:[10]"
time="2020-07-05T12:47:06+08:00" level=info msg="File:[/sys/sys.go] line:[130] Insert to cpuInfo successful id:[70] "
time="2020-07-05T12:47:06+08:00" level=warning msg="File:[/sys/sys.go] line:[135] Warning avgLoad:[0.01] has been greater than referce.Threshold:[0]"
time="2020-07-05T12:47:06+08:00" level=info msg="File:[/sys/sys.go] line:[145] Update to monitor successful itemName:[CPUITEM] "
time="2020-07-05T12:47:06+08:00" level=info msg="File:[/sys/sys.go] line:[64] SysCPUUsageRateMonitor cycle:[10]"
time="2020-07-05T13:19:44+08:00" level=info msg="File:[/global/global.go] line:[18] Ready to init DB..."
time="2020-07-05T13:19:44+08:00" level=info msg="File:[/global/global.go] line:[21] DB Init successful"
time="2020-07-05T13:19:59+08:00" level=info msg="File:[/global/global.go] line:[18] Ready to init DB..."
time="2020-07-05T13:19:59+08:00" level=info msg="File:[/global/global.go] line:[21] DB Init successful"
time="2020-07-05T13:22:40+08:00" level=info msg="File:[/global/global.go] line:[18] Ready to init DB..."
time="2020-07-05T13:22:40+08:00" level=info msg="File:[/global/global.go] line:[21] DB Init successful"
time="2020-07-05T13:22:56+08:00" level=info msg="File:[/global/global.go] line:[18] Ready to init DB..."
time="2020-07-05T13:22:56+08:00" level=info msg="File:[/global/global.go] line:[21] DB Init successful"
time="2020-07-05T13:23:00+08:00" level=info msg="File:[/global/global.go] line:[18] Ready to init DB..."
time="2020-07-05T13:23:00+08:00" level=info msg="File:[/global/global.go] line:[21] DB Init successful"
time="2020-07-05T13:23:38+08:00" level=info msg="File:[/global/global.go] line:[18] Ready to init DB..."
time="2020-07-05T13:23:38+08:00" level=info msg="File:[/global/global.go] line:[21] DB Init successful"
time="2020-07-05T13:25:16+08:00" level=info msg="File:[/global/global.go] line:[18] Ready to init DB..."
time="2020-07-05T13:25:16+08:00" level=info msg="File:[/global/global.go] line:[21] DB Init successful"
time="2020-07-05T13:25:58+08:00" level=info msg="File:[/global/global.go] line:[18] Ready to init DB..."
time="2020-07-05T13:25:58+08:00" level=info msg="File:[/global/global.go] line:[21] DB Init successful"
time="2020-07-05T13:27:00+08:00" level=info msg="File:[/global/global.go] line:[18] Ready to init DB..."
time="2020-07-05T13:27:00+08:00" level=info msg="File:[/global/global.go] line:[21] DB Init successful"
time="2020-07-05T13:27:19+08:00" level=info msg="File:[/global/global.go] line:[18] Ready to init DB..."
time="2020-07-05T13:27:19+08:00" level=info msg="File:[/global/global.go] line:[21] DB Init successful"
time="2020-07-05T13:28:13+08:00" level=info msg="File:[/global/global.go] line:[18] Ready to init DB..."
time="2020-07-05T13:28:13+08:00" level=info msg="File:[/global/global.go] line:[21] DB Init successful"
